{"level":"info","message":{"apiType":"rest","payloadSize":"500","priority":null,"targetUrl":"http://localhost:3000/api/rest/fast","timeStamp":"2024-06-15T10:02:19.666Z"}}
{"level":"info","message":{"apiType":"graphql","payloadSize":"1500","priority":1,"targetUrl":"http://localhost:3000/api/graphql/slow","timeStamp":"2024-06-15T10:02:36.357Z"}}
{"level":"info","message":{"apiType":"grpc","payloadSize":"2000","priority":null,"targetUrl":"http://localhost:3000/api/grpc/slow","timeStamp":"2024-06-15T10:09:06.817Z"}}
{"level":"info","message":{"apiType":"rest","payloadSize":"500","priority":null,"targetUrl":"http://localhost:3000/api/rest/fast","timeStamp":"2024-06-15T10:14:12.831Z"}}
{"level":"info","message":{"apiType":"rest","payloadSize":"1500","priority":null,"targetUrl":"http://localhost:3000/api/rest/slow","timeStamp":"2024-06-15T10:14:13.953Z"}}
{"level":"info","message":{"apiType":"graphql","payloadSize":"500","priority":null,"targetUrl":"http://localhost:3000/api/graphql/fast","timeStamp":"2024-06-15T10:14:14.205Z"}}
{"level":"info","message":{"apiType":"graphql","payloadSize":"1500","priority":null,"targetUrl":"http://localhost:3000/api/graphql/slow","timeStamp":"2024-06-15T10:14:15.475Z"}}
{"level":"info","message":{"apiType":"grpc","payloadSize":"500","priority":null,"targetUrl":"http://localhost:3000/api/grpc/fast","timeStamp":"2024-06-15T10:14:15.791Z"}}
{"level":"info","message":{"apiType":"grpc","payloadSize":"1500","priority":null,"targetUrl":"http://localhost:3000/api/grpc/slow","timeStamp":"2024-06-15T10:14:17.404Z"}}
{"level":"info","message":{"apiType":"rest","payloadSize":"500","priority":1,"targetUrl":"http://localhost:3000/api/rest/fast","timeStamp":"2024-06-15T10:14:17.561Z"}}
{"level":"info","message":{"apiType":"rest","payloadSize":"1500","priority":1,"targetUrl":"http://localhost:3000/api/rest/slow","timeStamp":"2024-06-15T10:14:18.678Z"}}
{"level":"info","message":{"apiType":"graphql","payloadSize":"500","priority":1,"targetUrl":"http://localhost:3000/api/graphql/fast","timeStamp":"2024-06-15T10:14:18.947Z"}}
{"level":"info","message":{"apiType":"graphql","payloadSize":"1500","priority":1,"targetUrl":"http://localhost:3000/api/graphql/slow","timeStamp":"2024-06-15T10:14:20.224Z"}}
{"level":"info","message":{"apiType":"grpc","payloadSize":"500","priority":1,"targetUrl":"http://localhost:3000/api/grpc/fast","timeStamp":"2024-06-15T10:14:20.542Z"}}
{"level":"info","message":{"apiType":"grpc","payloadSize":"1500","priority":1,"targetUrl":"http://localhost:3000/api/grpc/slow","timeStamp":"2024-06-15T10:14:22.062Z"}}
{"level":"info","message":{"apiType":"rest","payloadSize":"500","priority":null,"targetUrl":"http://localhost:3000/api/rest/fast","timeStamp":"2024-06-15T10:14:22.220Z"}}
{"level":"info","message":{"apiType":"rest","payloadSize":"1500","priority":null,"targetUrl":"http://localhost:3000/api/rest/slow","timeStamp":"2024-06-15T10:14:23.346Z"}}
{"level":"info","message":{"apiType":"graphql","payloadSize":"500","priority":null,"targetUrl":"http://localhost:3000/api/graphql/fast","timeStamp":"2024-06-15T10:14:23.601Z"}}
{"level":"info","message":{"apiType":"graphql","payloadSize":"1500","priority":null,"targetUrl":"http://localhost:3000/api/graphql/slow","timeStamp":"2024-06-15T10:14:24.883Z"}}
{"level":"info","message":{"apiType":"grpc","payloadSize":"500","priority":null,"targetUrl":"http://localhost:3000/api/grpc/fast","timeStamp":"2024-06-15T10:14:25.201Z"}}
{"level":"info","message":{"apiType":"grpc","payloadSize":"1500","priority":null,"targetUrl":"http://localhost:3000/api/grpc/slow","timeStamp":"2024-06-15T10:14:26.718Z"}}
